[debug] [2021-10-24T07:32:02.770Z] ----------------------------------------------------------------------
[debug] [2021-10-24T07:32:02.774Z] Command:       C:\Program Files\nodejs\node.exe C:\Users\DOLPHIN\AppData\Roaming\npm\node_modules\firebase-tools\lib\bin\firebase.js init
[debug] [2021-10-24T07:32:02.775Z] CLI Version:   9.21.0
[debug] [2021-10-24T07:32:02.775Z] Platform:      win32
[debug] [2021-10-24T07:32:02.776Z] Node Version:  v14.17.1
[debug] [2021-10-24T07:32:02.778Z] Time:          Sun Oct 24 2021 13:32:02 GMT+0600 (Bangladesh Standard Time)
[debug] [2021-10-24T07:32:02.778Z] ----------------------------------------------------------------------
[debug] 
[debug] [2021-10-24T07:32:03.909Z] > command requires scopes: ["email","openid","https://www.googleapis.com/auth/cloudplatformprojects.readonly","https://www.googleapis.com/auth/firebase","https://www.googleapis.com/auth/cloud-platform"]
[debug] [2021-10-24T07:32:03.910Z] > authorizing via signed-in user (nushratuddin.nu@gmail.com)
[info] 
     ######## #### ########  ######## ########     ###     ######  ########
     ##        ##  ##     ## ##       ##     ##  ##   ##  ##       ##
     ######    ##  ########  ######   ########  #########  ######  ######
     ##        ##  ##    ##  ##       ##     ## ##     ##       ## ##
     ##       #### ##     ## ######## ########  ##     ##  ######  ########

You're about to initialize a Firebase project in this directory:

  G:\city-hospital

Before we get started, keep in mind:

  * You are initializing within an existing Firebase project directory

[debug] [2021-10-24T07:36:48.088Z] ----------------------------------------------------------------------
[debug] [2021-10-24T07:36:48.094Z] Command:       C:\Program Files\nodejs\node.exe C:\Users\DOLPHIN\AppData\Roaming\npm\node_modules\firebase-tools\lib\bin\firebase.js deploy
[debug] [2021-10-24T07:36:48.095Z] CLI Version:   9.21.0
[debug] [2021-10-24T07:36:48.096Z] Platform:      win32
[debug] [2021-10-24T07:36:48.096Z] Node Version:  v14.17.1
[debug] [2021-10-24T07:36:48.099Z] Time:          Sun Oct 24 2021 13:36:48 GMT+0600 (Bangladesh Standard Time)
[debug] [2021-10-24T07:36:48.099Z] ----------------------------------------------------------------------
[debug] 
[debug] [2021-10-24T07:36:48.199Z] > command requires scopes: ["email","openid","https://www.googleapis.com/auth/cloudplatformprojects.readonly","https://www.googleapis.com/auth/firebase","https://www.googleapis.com/auth/cloud-platform"]
[debug] [2021-10-24T07:36:48.199Z] > authorizing via signed-in user (nushratuddin.nu@gmail.com)
[debug] [2021-10-24T07:36:48.199Z] [iam] checking project doctors-care-hospital for permissions ["firebase.projects.get","firebasehosting.sites.update"]
[debug] [2021-10-24T07:36:48.203Z] > refreshing access token with scopes: ["email","https://www.googleapis.com/auth/cloud-platform","https://www.googleapis.com/auth/cloudplatformprojects.readonly","https://www.googleapis.com/auth/firebase","openid"]
[debug] [2021-10-24T07:36:48.203Z] >>> HTTP REQUEST POST https://www.googleapis.com/oauth2/v3/token  
 <request body omitted>
[debug] [2021-10-24T07:36:48.440Z] <<< HTTP RESPONSE 200 {"cache-control":"no-cache, no-store, max-age=0, must-revalidate","expires":"Mon, 01 Jan 1990 00:00:00 GMT","pragma":"no-cache","date":"Sun, 24 Oct 2021 07:36:49 GMT","content-type":"application/json; charset=utf-8","vary":"X-Origin, Referer, Origin,Accept-Encoding","server":"scaffolding on HTTPServer2","x-xss-protection":"0","x-frame-options":"SAMEORIGIN","x-content-type-options":"nosniff","alt-svc":"h3=\":443\"; ma=2592000,h3-29=\":443\"; ma=2592000,h3-Q050=\":443\"; ma=2592000,h3-Q046=\":443\"; ma=2592000,h3-Q043=\":443\"; ma=2592000","accept-ranges":"none","transfer-encoding":"chunked"}
[debug] [2021-10-24T07:36:48.555Z] >>> HTTP REQUEST POST https://cloudresourcemanager.googleapis.com/v1/projects/doctors-care-hospital:testIamPermissions  
 {"permissions":["firebase.projects.get","firebasehosting.sites.update"]}
[debug] [2021-10-24T07:36:49.898Z] <<< HTTP RESPONSE 200 {"content-type":"application/json; charset=UTF-8","vary":"X-Origin, Referer, Origin,Accept-Encoding","date":"Sun, 24 Oct 2021 07:36:51 GMT","server":"ESF","cache-control":"private","x-xss-protection":"0","x-frame-options":"SAMEORIGIN","x-content-type-options":"nosniff","server-timing":"gfet4t7; dur=1097","alt-svc":"h3=\":443\"; ma=2592000,h3-29=\":443\"; ma=2592000,h3-Q050=\":443\"; ma=2592000,h3-Q046=\":443\"; ma=2592000,h3-Q043=\":443\"; ma=2592000","accept-ranges":"none","transfer-encoding":"chunked"}
[debug] [2021-10-24T07:36:49.900Z] [iam] error while checking permissions, command may fail: FirebaseError: Authorization failed. This account is missing the following required permissions on project doctors-care-hospital:

  firebase.projects.get
  firebasehosting.sites.update
[debug] [2021-10-24T07:36:49.904Z] > refreshing access token with scopes: []
[debug] [2021-10-24T07:36:49.904Z] >>> HTTP REQUEST POST https://www.googleapis.com/oauth2/v3/token  
 <request body omitted>
[debug] [2021-10-24T07:36:50.101Z] <<< HTTP RESPONSE 200 {"expires":"Mon, 01 Jan 1990 00:00:00 GMT","date":"Sun, 24 Oct 2021 07:36:51 GMT","pragma":"no-cache","cache-control":"no-cache, no-store, max-age=0, must-revalidate","content-type":"application/json; charset=utf-8","vary":"X-Origin, Referer, Origin,Accept-Encoding","server":"scaffolding on HTTPServer2","x-xss-protection":"0","x-frame-options":"SAMEORIGIN","x-content-type-options":"nosniff","alt-svc":"h3=\":443\"; ma=2592000,h3-29=\":443\"; ma=2592000,h3-Q050=\":443\"; ma=2592000,h3-Q046=\":443\"; ma=2592000,h3-Q043=\":443\"; ma=2592000","accept-ranges":"none","transfer-encoding":"chunked"}
[debug] [2021-10-24T07:36:50.207Z] >>> [apiv2][query] GET https://firebase.googleapis.com/v1beta1/projects/doctors-care-hospital [none]
[debug] [2021-10-24T07:36:50.729Z] <<< [apiv2][status] GET https://firebase.googleapis.com/v1beta1/projects/doctors-care-hospital 403
[debug] [2021-10-24T07:36:50.730Z] <<< [apiv2][body] GET https://firebase.googleapis.com/v1beta1/projects/doctors-care-hospital {"error":{"code":403,"message":"The caller does not have permission","status":"PERMISSION_DENIED"}}
[debug] [2021-10-24T07:36:50.732Z] HTTP Error: 403, The caller does not have permission
[debug] [2021-10-24T07:36:50.917Z] FirebaseError: HTTP Error: 403, The caller does not have permission
    at module.exports (C:\Users\DOLPHIN\AppData\Roaming\npm\node_modules\firebase-tools\lib\responseToError.js:38:12)
    at Client.doRequest (C:\Users\DOLPHIN\AppData\Roaming\npm\node_modules\firebase-tools\lib\apiv2.js:240:23)
    at processTicksAndRejections (internal/process/task_queues.js:95:5)
    at async Client.request (C:\Users\DOLPHIN\AppData\Roaming\npm\node_modules\firebase-tools\lib\apiv2.js:96:20)
    at async Object.getFirebaseProject (C:\Users\DOLPHIN\AppData\Roaming\npm\node_modules\firebase-tools\lib\management\projects.js:290:21)
    at async Object.getDefaultHostingSite (C:\Users\DOLPHIN\AppData\Roaming\npm\node_modules\firebase-tools\lib\getDefaultHostingSite.js:8:21)
    at async requireHostingSite (C:\Users\DOLPHIN\AppData\Roaming\npm\node_modules\firebase-tools\lib\requireHostingSite.js:9:18)
    at async Object.fn (C:\Users\DOLPHIN\AppData\Roaming\npm\node_modules\firebase-tools\lib\commands\deploy.js:65:9)
    at async C:\Users\DOLPHIN\AppData\Roaming\npm\node_modules\firebase-tools\lib\command.js:188:17
[error] 
[error] Error: Failed to get Firebase project doctors-care-hospital. Please make sure the project exists and your account has permission to access it.
